<?xml version="1.0" encoding="UTF-8"?>
<coverage generated="1715554045">
  <project timestamp="1715554045">
    <file name="/var/www/app/Console/Commands/RabbitMQCommand.php">
      <class name="App\Console\Commands\RabbitMQCommand" namespace="global">
        <metrics complexity="7" methods="2" coveredmethods="0" conditionals="0" coveredconditionals="0" statements="31" coveredstatements="0" elements="33" coveredelements="0"/>
      </class>
      <line num="29" type="method" name="__construct" visibility="public" complexity="1" crap="2" count="0"/>
      <line num="34" type="stmt" count="0"/>
      <line num="42" type="method" name="handle" visibility="public" complexity="6" crap="42" count="0"/>
      <line num="44" type="stmt" count="0"/>
      <line num="45" type="stmt" count="0"/>
      <line num="48" type="stmt" count="0"/>
      <line num="49" type="stmt" count="0"/>
      <line num="50" type="stmt" count="0"/>
      <line num="51" type="stmt" count="0"/>
      <line num="52" type="stmt" count="0"/>
      <line num="53" type="stmt" count="0"/>
      <line num="54" type="stmt" count="0"/>
      <line num="55" type="stmt" count="0"/>
      <line num="56" type="stmt" count="0"/>
      <line num="57" type="stmt" count="0"/>
      <line num="60" type="stmt" count="0"/>
      <line num="61" type="stmt" count="0"/>
      <line num="62" type="stmt" count="0"/>
      <line num="63" type="stmt" count="0"/>
      <line num="64" type="stmt" count="0"/>
      <line num="65" type="stmt" count="0"/>
      <line num="66" type="stmt" count="0"/>
      <line num="67" type="stmt" count="0"/>
      <line num="68" type="stmt" count="0"/>
      <line num="71" type="stmt" count="0"/>
      <line num="72" type="stmt" count="0"/>
      <line num="75" type="stmt" count="0"/>
      <line num="77" type="stmt" count="0"/>
      <line num="78" type="stmt" count="0"/>
      <line num="79" type="stmt" count="0"/>
      <line num="80" type="stmt" count="0"/>
      <line num="81" type="stmt" count="0"/>
      <line num="83" type="stmt" count="0"/>
      <metrics loc="86" ncloc="70" classes="1" methods="2" coveredmethods="0" conditionals="0" coveredconditionals="0" statements="31" coveredstatements="0" elements="33" coveredelements="0"/>
    </file>
    <file name="/var/www/app/Console/Kernel.php">
      <class name="App\Console\Kernel" namespace="global">
        <metrics complexity="2" methods="2" coveredmethods="0" conditionals="0" coveredconditionals="0" statements="3" coveredstatements="0" elements="5" coveredelements="0"/>
      </class>
      <line num="13" type="method" name="schedule" visibility="protected" complexity="1" crap="2" count="0"/>
      <line num="16" type="stmt" count="0"/>
      <line num="21" type="method" name="commands" visibility="protected" complexity="1" crap="2" count="0"/>
      <line num="23" type="stmt" count="0"/>
      <line num="25" type="stmt" count="0"/>
      <metrics loc="28" ncloc="21" classes="1" methods="2" coveredmethods="0" conditionals="0" coveredconditionals="0" statements="3" coveredstatements="0" elements="5" coveredelements="0"/>
    </file>
    <file name="/var/www/app/Domain/Entities/Account.php">
      <class name="App\Domain\Entities\Account" namespace="global">
        <metrics complexity="18" methods="13" coveredmethods="9" conditionals="0" coveredconditionals="0" statements="47" coveredstatements="33" elements="60" coveredelements="42"/>
      </class>
      <line num="17" type="method" name="__construct" visibility="public" complexity="2" crap="2" count="26"/>
      <line num="28" type="stmt" count="26"/>
      <line num="29" type="stmt" count="26"/>
      <line num="32" type="method" name="create" visibility="public" complexity="1" crap="1" count="19"/>
      <line num="34" type="stmt" count="19"/>
      <line num="35" type="stmt" count="19"/>
      <line num="36" type="stmt" count="19"/>
      <line num="37" type="stmt" count="19"/>
      <line num="38" type="stmt" count="19"/>
      <line num="39" type="stmt" count="19"/>
      <line num="40" type="stmt" count="19"/>
      <line num="41" type="stmt" count="19"/>
      <line num="42" type="stmt" count="19"/>
      <line num="45" type="method" name="restore" visibility="public" complexity="1" crap="1" count="12"/>
      <line num="47" type="stmt" count="12"/>
      <line num="48" type="stmt" count="12"/>
      <line num="49" type="stmt" count="12"/>
      <line num="50" type="stmt" count="12"/>
      <line num="51" type="stmt" count="12"/>
      <line num="52" type="stmt" count="12"/>
      <line num="53" type="stmt" count="12"/>
      <line num="54" type="stmt" count="12"/>
      <line num="55" type="stmt" count="12"/>
      <line num="56" type="stmt" count="12"/>
      <line num="59" type="method" name="toArray" visibility="public" complexity="1" crap="2" count="0"/>
      <line num="61" type="stmt" count="0"/>
      <line num="62" type="stmt" count="0"/>
      <line num="63" type="stmt" count="0"/>
      <line num="64" type="stmt" count="0"/>
      <line num="65" type="stmt" count="0"/>
      <line num="66" type="stmt" count="0"/>
      <line num="67" type="stmt" count="0"/>
      <line num="68" type="stmt" count="0"/>
      <line num="69" type="stmt" count="0"/>
      <line num="72" type="method" name="isShopkeeper" visibility="public" complexity="2" crap="2" count="26"/>
      <line num="74" type="stmt" count="26"/>
      <line num="75" type="stmt" count="4"/>
      <line num="78" type="stmt" count="23"/>
      <line num="81" type="method" name="cpfCnpj" visibility="public" complexity="1" crap="1" count="26"/>
      <line num="83" type="stmt" count="26"/>
      <line num="86" type="method" name="email" visibility="public" complexity="1" crap="1" count="7"/>
      <line num="88" type="stmt" count="7"/>
      <line num="91" type="method" name="makeTransfer" visibility="public" complexity="4" crap="4" count="7"/>
      <line num="93" type="stmt" count="7"/>
      <line num="94" type="stmt" count="1"/>
      <line num="97" type="stmt" count="6"/>
      <line num="98" type="stmt" count="4"/>
      <line num="101" type="stmt" count="3"/>
      <line num="104" type="method" name="receiveTransfer" visibility="public" complexity="1" crap="1" count="2"/>
      <line num="106" type="stmt" count="2"/>
      <line num="109" type="method" name="transferReprovedEstimateValue" visibility="public" complexity="1" crap="1" count="1"/>
      <line num="111" type="stmt" count="1"/>
      <line num="114" type="method" name="addTransaction" visibility="public" complexity="1" crap="2" count="0"/>
      <line num="116" type="stmt" count="0"/>
      <line num="119" type="method" name="removeTransaction" visibility="public" complexity="1" crap="2" count="0"/>
      <line num="121" type="stmt" count="0"/>
      <line num="124" type="method" name="validation" visibility="protected" complexity="1" crap="2" count="0"/>
      <line num="126" type="stmt" count="0"/>
      <line num="127" type="stmt" count="0"/>
      <line num="128" type="stmt" count="0"/>
      <metrics loc="131" ncloc="131" classes="1" methods="13" coveredmethods="9" conditionals="0" coveredconditionals="0" statements="47" coveredstatements="33" elements="60" coveredelements="42"/>
    </file>
    <file name="/var/www/app/Domain/Entities/Entity.php">
      <class name="App\Domain\Entities\Entity" namespace="global">
        <metrics complexity="4" methods="3" coveredmethods="2" conditionals="0" coveredconditionals="0" statements="6" coveredstatements="4" elements="9" coveredelements="6"/>
      </class>
      <line num="14" type="method" name="__get" visibility="public" complexity="2" crap="2.50" count="27"/>
      <line num="16" type="stmt" count="27"/>
      <line num="17" type="stmt" count="27"/>
      <line num="20" type="stmt" count="0"/>
      <line num="21" type="stmt" count="0"/>
      <line num="24" type="method" name="id" visibility="public" complexity="1" crap="1" count="15"/>
      <line num="26" type="stmt" count="15"/>
      <line num="29" type="method" name="createdAt" visibility="public" complexity="1" crap="1" count="13"/>
      <line num="31" type="stmt" count="13"/>
      <metrics loc="34" ncloc="34" classes="1" methods="3" coveredmethods="2" conditionals="0" coveredconditionals="0" statements="6" coveredstatements="4" elements="9" coveredelements="6"/>
    </file>
    <file name="/var/www/app/Domain/Entities/Transaction.php">
      <class name="App\Domain\Entities\Transaction" namespace="global">
        <metrics complexity="14" methods="11" coveredmethods="11" conditionals="0" coveredconditionals="0" statements="42" coveredstatements="42" elements="53" coveredelements="53"/>
      </class>
      <line num="16" type="method" name="__construct" visibility="public" complexity="2" crap="2" count="17"/>
      <line num="26" type="stmt" count="17"/>
      <line num="27" type="stmt" count="17"/>
      <line num="30" type="method" name="create" visibility="public" complexity="1" crap="1" count="13"/>
      <line num="32" type="stmt" count="13"/>
      <line num="33" type="stmt" count="13"/>
      <line num="34" type="stmt" count="13"/>
      <line num="35" type="stmt" count="13"/>
      <line num="36" type="stmt" count="13"/>
      <line num="37" type="stmt" count="13"/>
      <line num="38" type="stmt" count="13"/>
      <line num="39" type="stmt" count="13"/>
      <line num="42" type="method" name="restore" visibility="public" complexity="1" crap="1" count="7"/>
      <line num="44" type="stmt" count="7"/>
      <line num="45" type="stmt" count="7"/>
      <line num="46" type="stmt" count="7"/>
      <line num="47" type="stmt" count="7"/>
      <line num="48" type="stmt" count="7"/>
      <line num="49" type="stmt" count="7"/>
      <line num="50" type="stmt" count="7"/>
      <line num="51" type="stmt" count="7"/>
      <line num="52" type="stmt" count="7"/>
      <line num="53" type="stmt" count="7"/>
      <line num="56" type="method" name="toArray" visibility="public" complexity="1" crap="1" count="4"/>
      <line num="58" type="stmt" count="4"/>
      <line num="59" type="stmt" count="4"/>
      <line num="60" type="stmt" count="4"/>
      <line num="61" type="stmt" count="4"/>
      <line num="62" type="stmt" count="4"/>
      <line num="63" type="stmt" count="4"/>
      <line num="64" type="stmt" count="4"/>
      <line num="65" type="stmt" count="4"/>
      <line num="66" type="stmt" count="4"/>
      <line num="69" type="method" name="paymentAproved" visibility="public" complexity="2" crap="2" count="5"/>
      <line num="71" type="stmt" count="5"/>
      <line num="72" type="stmt" count="1"/>
      <line num="75" type="stmt" count="5"/>
      <line num="76" type="stmt" count="5"/>
      <line num="79" type="method" name="paymentReproved" visibility="public" complexity="2" crap="2" count="3"/>
      <line num="81" type="stmt" count="3"/>
      <line num="82" type="stmt" count="1"/>
      <line num="85" type="stmt" count="2"/>
      <line num="86" type="stmt" count="2"/>
      <line num="89" type="method" name="payerId" visibility="public" complexity="1" crap="1" count="10"/>
      <line num="91" type="stmt" count="10"/>
      <line num="94" type="method" name="payeeId" visibility="public" complexity="1" crap="1" count="8"/>
      <line num="96" type="stmt" count="8"/>
      <line num="99" type="method" name="transactionType" visibility="public" complexity="1" crap="1" count="4"/>
      <line num="101" type="stmt" count="4"/>
      <line num="104" type="method" name="transactionStatus" visibility="public" complexity="1" crap="1" count="4"/>
      <line num="106" type="stmt" count="4"/>
      <line num="109" type="method" name="confirmationAt" visibility="public" complexity="1" crap="1" count="3"/>
      <line num="111" type="stmt" count="3"/>
      <metrics loc="114" ncloc="114" classes="1" methods="11" coveredmethods="11" conditionals="0" coveredconditionals="0" statements="42" coveredstatements="42" elements="53" coveredelements="53"/>
    </file>
    <file name="/var/www/app/Domain/Entities/User.php">
      <class name="App\Domain\Entities\User" namespace="global">
        <metrics complexity="9" methods="7" coveredmethods="6" conditionals="0" coveredconditionals="0" statements="32" coveredstatements="23" elements="39" coveredelements="29"/>
      </class>
      <line num="16" type="method" name="__construct" visibility="public" complexity="2" crap="2" count="4"/>
      <line num="25" type="stmt" count="4"/>
      <line num="26" type="stmt" count="4"/>
      <line num="29" type="method" name="create" visibility="public" complexity="1" crap="1" count="7"/>
      <line num="31" type="stmt" count="7"/>
      <line num="32" type="stmt" count="7"/>
      <line num="33" type="stmt" count="7"/>
      <line num="34" type="stmt" count="7"/>
      <line num="35" type="stmt" count="7"/>
      <line num="36" type="stmt" count="7"/>
      <line num="37" type="stmt" count="7"/>
      <line num="38" type="stmt" count="7"/>
      <line num="41" type="method" name="restore" visibility="public" complexity="1" crap="2" count="0"/>
      <line num="43" type="stmt" count="0"/>
      <line num="44" type="stmt" count="0"/>
      <line num="45" type="stmt" count="0"/>
      <line num="46" type="stmt" count="0"/>
      <line num="47" type="stmt" count="0"/>
      <line num="48" type="stmt" count="0"/>
      <line num="49" type="stmt" count="0"/>
      <line num="50" type="stmt" count="0"/>
      <line num="51" type="stmt" count="0"/>
      <line num="54" type="method" name="toArray" visibility="public" complexity="1" crap="1" count="2"/>
      <line num="56" type="stmt" count="2"/>
      <line num="57" type="stmt" count="2"/>
      <line num="58" type="stmt" count="2"/>
      <line num="59" type="stmt" count="2"/>
      <line num="60" type="stmt" count="2"/>
      <line num="61" type="stmt" count="2"/>
      <line num="62" type="stmt" count="2"/>
      <line num="63" type="stmt" count="2"/>
      <line num="66" type="method" name="isShopkeeper" visibility="public" complexity="2" crap="2" count="4"/>
      <line num="68" type="stmt" count="4"/>
      <line num="69" type="stmt" count="1"/>
      <line num="72" type="stmt" count="3"/>
      <line num="75" type="method" name="cpfCnpj" visibility="public" complexity="1" crap="1" count="4"/>
      <line num="77" type="stmt" count="4"/>
      <line num="80" type="method" name="email" visibility="public" complexity="1" crap="1" count="2"/>
      <line num="82" type="stmt" count="2"/>
      <metrics loc="85" ncloc="85" classes="1" methods="7" coveredmethods="6" conditionals="0" coveredconditionals="0" statements="32" coveredstatements="23" elements="39" coveredelements="29"/>
    </file>
    <file name="/var/www/app/Domain/Enum/TransactionStatus.php">
      <metrics loc="11" ncloc="11" classes="0" methods="0" coveredmethods="0" conditionals="0" coveredconditionals="0" statements="0" coveredstatements="0" elements="0" coveredelements="0"/>
    </file>
    <file name="/var/www/app/Domain/Enum/TransactionType.php">
      <metrics loc="11" ncloc="11" classes="0" methods="0" coveredmethods="0" conditionals="0" coveredconditionals="0" statements="0" coveredstatements="0" elements="0" coveredelements="0"/>
    </file>
    <file name="/var/www/app/Domain/Repositories/AccountEntityRepositoryInterface.php">
      <metrics loc="12" ncloc="12" classes="0" methods="0" coveredmethods="0" conditionals="0" coveredconditionals="0" statements="0" coveredstatements="0" elements="0" coveredelements="0"/>
    </file>
    <file name="/var/www/app/Domain/Repositories/BaseCrudEntityInterface.php">
      <metrics loc="16" ncloc="16" classes="0" methods="0" coveredmethods="0" conditionals="0" coveredconditionals="0" statements="0" coveredstatements="0" elements="0" coveredelements="0"/>
    </file>
    <file name="/var/www/app/Domain/Repositories/BaseDtoInterface.php">
      <metrics loc="10" ncloc="10" classes="0" methods="0" coveredmethods="0" conditionals="0" coveredconditionals="0" statements="0" coveredstatements="0" elements="0" coveredelements="0"/>
    </file>
    <file name="/var/www/app/Domain/Repositories/TransactionEntityRepositoryInterface.php">
      <metrics loc="13" ncloc="13" classes="0" methods="0" coveredmethods="0" conditionals="0" coveredconditionals="0" statements="0" coveredstatements="0" elements="0" coveredelements="0"/>
    </file>
    <file name="/var/www/app/Domain/Repositories/UserEntityRepositoryInterface.php">
      <metrics loc="26" ncloc="26" classes="0" methods="0" coveredmethods="0" conditionals="0" coveredconditionals="0" statements="0" coveredstatements="0" elements="0" coveredelements="0"/>
    </file>
    <file name="/var/www/app/Domain/Validation/DomainValidation.php">
      <class name="App\Domain\Validation\DomainValidation" namespace="global">
        <metrics complexity="13" methods="5" coveredmethods="0" conditionals="0" coveredconditionals="0" statements="10" coveredstatements="0" elements="15" coveredelements="0"/>
      </class>
      <line num="9" type="method" name="notNull" visibility="public" complexity="2" crap="6" count="0"/>
      <line num="11" type="stmt" count="0"/>
      <line num="12" type="stmt" count="0"/>
      <line num="16" type="method" name="strMaxLength" visibility="public" complexity="2" crap="6" count="0"/>
      <line num="18" type="stmt" count="0"/>
      <line num="19" type="stmt" count="0"/>
      <line num="23" type="method" name="strMinLength" visibility="public" complexity="2" crap="6" count="0"/>
      <line num="25" type="stmt" count="0"/>
      <line num="26" type="stmt" count="0"/>
      <line num="30" type="method" name="strCanNullAndMaxLength" visibility="public" complexity="3" crap="12" count="0"/>
      <line num="32" type="stmt" count="0"/>
      <line num="33" type="stmt" count="0"/>
      <line num="37" type="method" name="strNotNullAndMinAndMaxLength" visibility="public" complexity="4" crap="20" count="0"/>
      <line num="39" type="stmt" count="0"/>
      <line num="40" type="stmt" count="0"/>
      <metrics loc="44" ncloc="44" classes="1" methods="5" coveredmethods="0" conditionals="0" coveredconditionals="0" statements="10" coveredstatements="0" elements="15" coveredelements="0"/>
    </file>
    <file name="/var/www/app/Domain/ValueObjects/CpfCnpj.php">
      <class name="App\Domain\ValueObjects\CpfCnpj" namespace="global">
        <metrics complexity="21" methods="4" coveredmethods="1" conditionals="0" coveredconditionals="0" statements="30" coveredstatements="27" elements="34" coveredelements="28"/>
      </class>
      <line num="9" type="method" name="__construct" visibility="public" complexity="5" crap="5.07" count="36"/>
      <line num="12" type="stmt" count="36"/>
      <line num="14" type="stmt" count="36"/>
      <line num="15" type="stmt" count="0"/>
      <line num="18" type="stmt" count="36"/>
      <line num="19" type="stmt" count="28"/>
      <line num="22" type="stmt" count="34"/>
      <line num="23" type="stmt" count="9"/>
      <line num="27" type="method" name="__toString" visibility="public" complexity="1" crap="1" count="30"/>
      <line num="29" type="stmt" count="30"/>
      <line num="32" type="method" name="validCpf" visibility="private" complexity="6" crap="6.05" count="28"/>
      <line num="34" type="stmt" count="28"/>
      <line num="35" type="stmt" count="2"/>
      <line num="38" type="stmt" count="26"/>
      <line num="39" type="stmt" count="26"/>
      <line num="40" type="stmt" count="26"/>
      <line num="42" type="stmt" count="26"/>
      <line num="43" type="stmt" count="26"/>
      <line num="44" type="stmt" count="0"/>
      <line num="48" type="stmt" count="26"/>
      <line num="51" type="method" name="validCnpj" visibility="private" complexity="9" crap="9.04" count="9"/>
      <line num="53" type="stmt" count="9"/>
      <line num="54" type="stmt" count="2"/>
      <line num="57" type="stmt" count="7"/>
      <line num="58" type="stmt" count="7"/>
      <line num="59" type="stmt" count="7"/>
      <line num="62" type="stmt" count="7"/>
      <line num="64" type="stmt" count="7"/>
      <line num="65" type="stmt" count="0"/>
      <line num="68" type="stmt" count="7"/>
      <line num="69" type="stmt" count="7"/>
      <line num="70" type="stmt" count="7"/>
      <line num="73" type="stmt" count="7"/>
      <line num="75" type="stmt" count="7"/>
      <metrics loc="78" ncloc="78" classes="1" methods="4" coveredmethods="1" conditionals="0" coveredconditionals="0" statements="30" coveredstatements="27" elements="34" coveredelements="28"/>
    </file>
    <file name="/var/www/app/Domain/ValueObjects/Email.php">
      <class name="App\Domain\ValueObjects\Email" namespace="global">
        <metrics complexity="4" methods="3" coveredmethods="3" conditionals="0" coveredconditionals="0" statements="4" coveredstatements="4" elements="7" coveredelements="7"/>
      </class>
      <line num="9" type="method" name="__construct" visibility="public" complexity="1" crap="1" count="32"/>
      <line num="12" type="stmt" count="32"/>
      <line num="15" type="method" name="__toString" visibility="public" complexity="1" crap="1" count="15"/>
      <line num="17" type="stmt" count="15"/>
      <line num="20" type="method" name="validateEmail" visibility="private" complexity="2" crap="2" count="32"/>
      <line num="22" type="stmt" count="32"/>
      <line num="23" type="stmt" count="2"/>
      <metrics loc="27" ncloc="27" classes="1" methods="3" coveredmethods="3" conditionals="0" coveredconditionals="0" statements="4" coveredstatements="4" elements="7" coveredelements="7"/>
    </file>
    <file name="/var/www/app/Domain/ValueObjects/Uuid.php">
      <class name="App\Domain\ValueObjects\Uuid" namespace="global">
        <metrics complexity="5" methods="4" coveredmethods="3" conditionals="0" coveredconditionals="0" statements="5" coveredstatements="4" elements="9" coveredelements="7"/>
      </class>
      <line num="10" type="method" name="__construct" visibility="public" complexity="1" crap="1" count="40"/>
      <line num="13" type="stmt" count="40"/>
      <line num="16" type="method" name="random" visibility="public" complexity="1" crap="1" count="6"/>
      <line num="18" type="stmt" count="6"/>
      <line num="21" type="method" name="__toString" visibility="public" complexity="1" crap="1" count="21"/>
      <line num="23" type="stmt" count="21"/>
      <line num="26" type="method" name="ensureIsValid" visibility="private" complexity="2" crap="2.50" count="40"/>
      <line num="28" type="stmt" count="40"/>
      <line num="29" type="stmt" count="0"/>
      <metrics loc="33" ncloc="33" classes="1" methods="4" coveredmethods="3" conditionals="0" coveredconditionals="0" statements="5" coveredstatements="4" elements="9" coveredelements="7"/>
    </file>
    <file name="/var/www/app/Exceptions/BadRequestException.php">
      <class name="App\Exceptions\BadRequestException" namespace="global">
        <metrics complexity="3" methods="3" coveredmethods="0" conditionals="0" coveredconditionals="0" statements="3" coveredstatements="0" elements="6" coveredelements="0"/>
      </class>
      <line num="12" type="method" name="__construct" visibility="public" complexity="1" crap="2" count="0"/>
      <line num="14" type="stmt" count="0"/>
      <line num="21" type="method" name="report" visibility="public" complexity="1" crap="2" count="0"/>
      <line num="24" type="stmt" count="0"/>
      <line num="32" type="method" name="render" visibility="public" complexity="1" crap="2" count="0"/>
      <line num="34" type="stmt" count="0"/>
      <metrics loc="37" ncloc="25" classes="1" methods="3" coveredmethods="0" conditionals="0" coveredconditionals="0" statements="3" coveredstatements="0" elements="6" coveredelements="0"/>
    </file>
    <file name="/var/www/app/Exceptions/EntityValidationException.php">
      <class name="App\Exceptions\EntityValidationException" namespace="global">
        <metrics complexity="3" methods="3" coveredmethods="3" conditionals="0" coveredconditionals="0" statements="3" coveredstatements="3" elements="6" coveredelements="6"/>
      </class>
      <line num="12" type="method" name="__construct" visibility="public" complexity="1" crap="1" count="7"/>
      <line num="14" type="stmt" count="7"/>
      <line num="21" type="method" name="report" visibility="public" complexity="1" crap="1" count="2"/>
      <line num="24" type="stmt" count="2"/>
      <line num="32" type="method" name="render" visibility="public" complexity="1" crap="1" count="2"/>
      <line num="34" type="stmt" count="2"/>
      <metrics loc="37" ncloc="25" classes="1" methods="3" coveredmethods="3" conditionals="0" coveredconditionals="0" statements="3" coveredstatements="3" elements="6" coveredelements="6"/>
    </file>
    <file name="/var/www/app/Exceptions/Handler.php">
      <class name="App\Exceptions\Handler" namespace="global">
        <metrics complexity="2" methods="2" coveredmethods="0" conditionals="0" coveredconditionals="0" statements="3" coveredstatements="0" elements="5" coveredelements="0"/>
      </class>
      <line num="24" type="method" name="register" visibility="public" complexity="1" crap="2" count="0"/>
      <line num="26" type="stmt" count="0"/>
      <line num="28" type="stmt" count="0"/>
      <line num="31" type="method" name="render" visibility="public" complexity="1" crap="2" count="0"/>
      <line num="33" type="stmt" count="0"/>
      <metrics loc="36" ncloc="27" classes="1" methods="2" coveredmethods="0" conditionals="0" coveredconditionals="0" statements="3" coveredstatements="0" elements="5" coveredelements="0"/>
    </file>
    <file name="/var/www/app/Exceptions/InvalidArgumentException.php">
      <class name="App\Exceptions\InvalidArgumentException" namespace="global">
        <metrics complexity="3" methods="3" coveredmethods="1" conditionals="0" coveredconditionals="0" statements="3" coveredstatements="1" elements="6" coveredelements="2"/>
      </class>
      <line num="12" type="method" name="__construct" visibility="public" complexity="1" crap="1" count="6"/>
      <line num="14" type="stmt" count="6"/>
      <line num="21" type="method" name="report" visibility="public" complexity="1" crap="2" count="0"/>
      <line num="24" type="stmt" count="0"/>
      <line num="32" type="method" name="render" visibility="public" complexity="1" crap="2" count="0"/>
      <line num="34" type="stmt" count="0"/>
      <metrics loc="37" ncloc="25" classes="1" methods="3" coveredmethods="1" conditionals="0" coveredconditionals="0" statements="3" coveredstatements="1" elements="6" coveredelements="2"/>
    </file>
    <file name="/var/www/app/Exceptions/MethodMagicException.php">
      <class name="App\Exceptions\MethodMagicException" namespace="global">
        <metrics complexity="0" methods="0" coveredmethods="0" conditionals="0" coveredconditionals="0" statements="0" coveredstatements="0" elements="0" coveredelements="0"/>
      </class>
      <metrics loc="11" ncloc="10" classes="0" methods="0" coveredmethods="0" conditionals="0" coveredconditionals="0" statements="0" coveredstatements="0" elements="0" coveredelements="0"/>
    </file>
    <file name="/var/www/app/Exceptions/NotFoundException.php">
      <class name="App\Exceptions\NotFoundException" namespace="global">
        <metrics complexity="3" methods="3" coveredmethods="3" conditionals="0" coveredconditionals="0" statements="3" coveredstatements="3" elements="6" coveredelements="6"/>
      </class>
      <line num="12" type="method" name="__construct" visibility="public" complexity="1" crap="1" count="5"/>
      <line num="14" type="stmt" count="5"/>
      <line num="21" type="method" name="report" visibility="public" complexity="1" crap="1" count="2"/>
      <line num="24" type="stmt" count="2"/>
      <line num="32" type="method" name="render" visibility="public" complexity="1" crap="1" count="2"/>
      <line num="34" type="stmt" count="2"/>
      <metrics loc="37" ncloc="25" classes="1" methods="3" coveredmethods="3" conditionals="0" coveredconditionals="0" statements="3" coveredstatements="3" elements="6" coveredelements="6"/>
    </file>
    <file name="/var/www/app/Http/Controllers/Api/AccountController.php">
      <class name="App\Http\Controllers\Api\AccountController" namespace="global">
        <metrics complexity="5" methods="5" coveredmethods="5" conditionals="0" coveredconditionals="0" statements="27" coveredstatements="27" elements="32" coveredelements="32"/>
      </class>
      <line num="20" type="method" name="index" visibility="public" complexity="1" crap="1" count="1"/>
      <line num="22" type="stmt" count="1"/>
      <line num="23" type="stmt" count="1"/>
      <line num="26" type="method" name="store" visibility="public" complexity="1" crap="1" count="2"/>
      <line num="28" type="stmt" count="2"/>
      <line num="29" type="stmt" count="2"/>
      <line num="30" type="stmt" count="2"/>
      <line num="31" type="stmt" count="2"/>
      <line num="32" type="stmt" count="2"/>
      <line num="33" type="stmt" count="2"/>
      <line num="34" type="stmt" count="2"/>
      <line num="35" type="stmt" count="2"/>
      <line num="37" type="stmt" count="2"/>
      <line num="38" type="stmt" count="2"/>
      <line num="41" type="method" name="show" visibility="public" complexity="1" crap="1" count="1"/>
      <line num="43" type="stmt" count="1"/>
      <line num="44" type="stmt" count="1"/>
      <line num="45" type="stmt" count="1"/>
      <line num="48" type="method" name="update" visibility="public" complexity="1" crap="1" count="2"/>
      <line num="50" type="stmt" count="2"/>
      <line num="51" type="stmt" count="2"/>
      <line num="52" type="stmt" count="2"/>
      <line num="53" type="stmt" count="2"/>
      <line num="54" type="stmt" count="2"/>
      <line num="55" type="stmt" count="2"/>
      <line num="56" type="stmt" count="2"/>
      <line num="57" type="stmt" count="2"/>
      <line num="59" type="stmt" count="2"/>
      <line num="60" type="stmt" count="2"/>
      <line num="63" type="method" name="destroy" visibility="public" complexity="1" crap="1" count="1"/>
      <line num="65" type="stmt" count="1"/>
      <line num="66" type="stmt" count="1"/>
      <metrics loc="69" ncloc="69" classes="1" methods="5" coveredmethods="5" conditionals="0" coveredconditionals="0" statements="27" coveredstatements="27" elements="32" coveredelements="32"/>
    </file>
    <file name="/var/www/app/Http/Controllers/Api/TransactionController.php">
      <class name="App\Http\Controllers\Api\TransactionController" namespace="global">
        <metrics complexity="1" methods="1" coveredmethods="1" conditionals="0" coveredconditionals="0" statements="9" coveredstatements="9" elements="10" coveredelements="10"/>
      </class>
      <line num="15" type="method" name="storeTransfer" visibility="public" complexity="1" crap="1" count="5"/>
      <line num="17" type="stmt" count="5"/>
      <line num="18" type="stmt" count="5"/>
      <line num="19" type="stmt" count="5"/>
      <line num="20" type="stmt" count="5"/>
      <line num="21" type="stmt" count="5"/>
      <line num="22" type="stmt" count="5"/>
      <line num="23" type="stmt" count="5"/>
      <line num="24" type="stmt" count="1"/>
      <line num="25" type="stmt" count="1"/>
      <metrics loc="28" ncloc="28" classes="1" methods="1" coveredmethods="1" conditionals="0" coveredconditionals="0" statements="9" coveredstatements="9" elements="10" coveredelements="10"/>
    </file>
    <file name="/var/www/app/Http/Controllers/Api/UserController.php">
      <class name="App\Http\Controllers\Api\UserController" namespace="global">
        <metrics complexity="5" methods="5" coveredmethods="0" conditionals="0" coveredconditionals="0" statements="27" coveredstatements="0" elements="32" coveredelements="0"/>
      </class>
      <line num="20" type="method" name="index" visibility="public" complexity="1" crap="2" count="0"/>
      <line num="22" type="stmt" count="0"/>
      <line num="23" type="stmt" count="0"/>
      <line num="26" type="method" name="store" visibility="public" complexity="1" crap="2" count="0"/>
      <line num="28" type="stmt" count="0"/>
      <line num="29" type="stmt" count="0"/>
      <line num="30" type="stmt" count="0"/>
      <line num="31" type="stmt" count="0"/>
      <line num="32" type="stmt" count="0"/>
      <line num="33" type="stmt" count="0"/>
      <line num="34" type="stmt" count="0"/>
      <line num="35" type="stmt" count="0"/>
      <line num="37" type="stmt" count="0"/>
      <line num="38" type="stmt" count="0"/>
      <line num="41" type="method" name="show" visibility="public" complexity="1" crap="2" count="0"/>
      <line num="43" type="stmt" count="0"/>
      <line num="44" type="stmt" count="0"/>
      <line num="45" type="stmt" count="0"/>
      <line num="48" type="method" name="update" visibility="public" complexity="1" crap="2" count="0"/>
      <line num="50" type="stmt" count="0"/>
      <line num="51" type="stmt" count="0"/>
      <line num="52" type="stmt" count="0"/>
      <line num="53" type="stmt" count="0"/>
      <line num="54" type="stmt" count="0"/>
      <line num="55" type="stmt" count="0"/>
      <line num="56" type="stmt" count="0"/>
      <line num="57" type="stmt" count="0"/>
      <line num="59" type="stmt" count="0"/>
      <line num="60" type="stmt" count="0"/>
      <line num="63" type="method" name="destroy" visibility="public" complexity="1" crap="2" count="0"/>
      <line num="65" type="stmt" count="0"/>
      <line num="66" type="stmt" count="0"/>
      <metrics loc="69" ncloc="69" classes="1" methods="5" coveredmethods="0" conditionals="0" coveredconditionals="0" statements="27" coveredstatements="0" elements="32" coveredelements="0"/>
    </file>
    <file name="/var/www/app/Http/Controllers/Controller.php">
      <class name="App\Http\Controllers\Controller" namespace="global">
        <metrics complexity="0" methods="0" coveredmethods="0" conditionals="0" coveredconditionals="0" statements="0" coveredstatements="0" elements="0" coveredelements="0"/>
      </class>
      <metrics loc="13" ncloc="13" classes="0" methods="0" coveredmethods="0" conditionals="0" coveredconditionals="0" statements="0" coveredstatements="0" elements="0" coveredelements="0"/>
    </file>
    <file name="/var/www/app/Http/Controllers/HealthCheckController.php">
      <class name="App\Http\Controllers\HealthCheckController" namespace="global">
        <metrics complexity="1" methods="1" coveredmethods="0" conditionals="0" coveredconditionals="0" statements="4" coveredstatements="0" elements="5" coveredelements="0"/>
      </class>
      <line num="9" type="method" name="health" visibility="public" complexity="1" crap="2" count="0"/>
      <line num="11" type="stmt" count="0"/>
      <line num="12" type="stmt" count="0"/>
      <line num="13" type="stmt" count="0"/>
      <line num="14" type="stmt" count="0"/>
      <metrics loc="17" ncloc="17" classes="1" methods="1" coveredmethods="0" conditionals="0" coveredconditionals="0" statements="4" coveredstatements="0" elements="5" coveredelements="0"/>
    </file>
    <file name="/var/www/app/Http/Kernel.php">
      <class name="App\Http\Kernel" namespace="global">
        <metrics complexity="0" methods="0" coveredmethods="0" conditionals="0" coveredconditionals="0" statements="0" coveredstatements="0" elements="0" coveredelements="0"/>
      </class>
      <metrics loc="69" ncloc="48" classes="0" methods="0" coveredmethods="0" conditionals="0" coveredconditionals="0" statements="0" coveredstatements="0" elements="0" coveredelements="0"/>
    </file>
    <file name="/var/www/app/Http/Middleware/Authenticate.php">
      <class name="App\Http\Middleware\Authenticate" namespace="global">
        <metrics complexity="2" methods="1" coveredmethods="0" conditionals="0" coveredconditionals="0" statements="1" coveredstatements="0" elements="2" coveredelements="0"/>
      </class>
      <line num="13" type="method" name="redirectTo" visibility="protected" complexity="2" crap="6" count="0"/>
      <line num="15" type="stmt" count="0"/>
      <metrics loc="18" ncloc="15" classes="1" methods="1" coveredmethods="0" conditionals="0" coveredconditionals="0" statements="1" coveredstatements="0" elements="2" coveredelements="0"/>
    </file>
    <file name="/var/www/app/Http/Middleware/EncryptCookies.php">
      <class name="App\Http\Middleware\EncryptCookies" namespace="global">
        <metrics complexity="0" methods="0" coveredmethods="0" conditionals="0" coveredconditionals="0" statements="0" coveredstatements="0" elements="0" coveredelements="0"/>
      </class>
      <metrics loc="18" ncloc="13" classes="0" methods="0" coveredmethods="0" conditionals="0" coveredconditionals="0" statements="0" coveredstatements="0" elements="0" coveredelements="0"/>
    </file>
    <file name="/var/www/app/Http/Middleware/PreventRequestsDuringMaintenance.php">
      <class name="App\Http\Middleware\PreventRequestsDuringMaintenance" namespace="global">
        <metrics complexity="0" methods="0" coveredmethods="0" conditionals="0" coveredconditionals="0" statements="0" coveredstatements="0" elements="0" coveredelements="0"/>
      </class>
      <metrics loc="18" ncloc="13" classes="0" methods="0" coveredmethods="0" conditionals="0" coveredconditionals="0" statements="0" coveredstatements="0" elements="0" coveredelements="0"/>
    </file>
    <file name="/var/www/app/Http/Middleware/RedirectIfAuthenticated.php">
      <class name="App\Http\Middleware\RedirectIfAuthenticated" namespace="global">
        <metrics complexity="4" methods="1" coveredmethods="0" conditionals="0" coveredconditionals="0" statements="5" coveredstatements="0" elements="6" coveredelements="0"/>
      </class>
      <line num="18" type="method" name="handle" visibility="public" complexity="4" crap="20" count="0"/>
      <line num="20" type="stmt" count="0"/>
      <line num="22" type="stmt" count="0"/>
      <line num="23" type="stmt" count="0"/>
      <line num="24" type="stmt" count="0"/>
      <line num="28" type="stmt" count="0"/>
      <metrics loc="31" ncloc="26" classes="1" methods="1" coveredmethods="0" conditionals="0" coveredconditionals="0" statements="5" coveredstatements="0" elements="6" coveredelements="0"/>
    </file>
    <file name="/var/www/app/Http/Middleware/TrimStrings.php">
      <class name="App\Http\Middleware\TrimStrings" namespace="global">
        <metrics complexity="0" methods="0" coveredmethods="0" conditionals="0" coveredconditionals="0" statements="0" coveredstatements="0" elements="0" coveredelements="0"/>
      </class>
      <metrics loc="20" ncloc="15" classes="0" methods="0" coveredmethods="0" conditionals="0" coveredconditionals="0" statements="0" coveredstatements="0" elements="0" coveredelements="0"/>
    </file>
    <file name="/var/www/app/Http/Middleware/TrustHosts.php">
      <class name="App\Http\Middleware\TrustHosts" namespace="global">
        <metrics complexity="1" methods="1" coveredmethods="0" conditionals="0" coveredconditionals="0" statements="3" coveredstatements="0" elements="4" coveredelements="0"/>
      </class>
      <line num="14" type="method" name="hosts" visibility="public" complexity="1" crap="2" count="0"/>
      <line num="16" type="stmt" count="0"/>
      <line num="17" type="stmt" count="0"/>
      <line num="18" type="stmt" count="0"/>
      <metrics loc="21" ncloc="16" classes="1" methods="1" coveredmethods="0" conditionals="0" coveredconditionals="0" statements="3" coveredstatements="0" elements="4" coveredelements="0"/>
    </file>
    <file name="/var/www/app/Http/Middleware/TrustProxies.php">
      <class name="App\Http\Middleware\TrustProxies" namespace="global">
        <metrics complexity="0" methods="0" coveredmethods="0" conditionals="0" coveredconditionals="0" statements="0" coveredstatements="0" elements="0" coveredelements="0"/>
      </class>
      <metrics loc="29" ncloc="19" classes="0" methods="0" coveredmethods="0" conditionals="0" coveredconditionals="0" statements="0" coveredstatements="0" elements="0" coveredelements="0"/>
    </file>
    <file name="/var/www/app/Http/Middleware/ValidateSignature.php">
      <class name="App\Http\Middleware\ValidateSignature" namespace="global">
        <metrics complexity="0" methods="0" coveredmethods="0" conditionals="0" coveredconditionals="0" statements="0" coveredstatements="0" elements="0" coveredelements="0"/>
      </class>
      <metrics loc="23" ncloc="18" classes="0" methods="0" coveredmethods="0" conditionals="0" coveredconditionals="0" statements="0" coveredstatements="0" elements="0" coveredelements="0"/>
    </file>
    <file name="/var/www/app/Http/Middleware/VerifyCsrfToken.php">
      <class name="App\Http\Middleware\VerifyCsrfToken" namespace="global">
        <metrics complexity="0" methods="0" coveredmethods="0" conditionals="0" coveredconditionals="0" statements="0" coveredstatements="0" elements="0" coveredelements="0"/>
      </class>
      <metrics loc="18" ncloc="13" classes="0" methods="0" coveredmethods="0" conditionals="0" coveredconditionals="0" statements="0" coveredstatements="0" elements="0" coveredelements="0"/>
    </file>
    <file name="/var/www/app/Http/Requests/AccountRequest.php">
      <class name="App\Http\Requests\AccountRequest" namespace="global">
        <metrics complexity="4" methods="2" coveredmethods="2" conditionals="0" coveredconditionals="0" statements="15" coveredstatements="15" elements="17" coveredelements="17"/>
      </class>
      <line num="12" type="method" name="authorize" visibility="public" complexity="1" crap="1" count="6"/>
      <line num="14" type="stmt" count="6"/>
      <line num="22" type="method" name="rules" visibility="public" complexity="3" crap="3" count="6"/>
      <line num="24" type="stmt" count="6"/>
      <line num="25" type="stmt" count="6"/>
      <line num="26" type="stmt" count="3"/>
      <line num="27" type="stmt" count="3"/>
      <line num="28" type="stmt" count="3"/>
      <line num="29" type="stmt" count="3"/>
      <line num="30" type="stmt" count="3"/>
      <line num="31" type="stmt" count="3"/>
      <line num="32" type="stmt" count="3"/>
      <line num="33" type="stmt" count="3"/>
      <line num="34" type="stmt" count="3"/>
      <line num="35" type="stmt" count="3"/>
      <line num="36" type="stmt" count="3"/>
      <line num="37" type="stmt" count="3"/>
      <metrics loc="41" ncloc="33" classes="1" methods="2" coveredmethods="2" conditionals="0" coveredconditionals="0" statements="15" coveredstatements="15" elements="17" coveredelements="17"/>
    </file>
    <file name="/var/www/app/Http/Requests/TransactionRequest.php">
      <class name="App\Http\Requests\TransactionRequest" namespace="global">
        <metrics complexity="4" methods="2" coveredmethods="1" conditionals="0" coveredconditionals="0" statements="9" coveredstatements="8" elements="11" coveredelements="9"/>
      </class>
      <line num="12" type="method" name="authorize" visibility="public" complexity="1" crap="1" count="6"/>
      <line num="14" type="stmt" count="6"/>
      <line num="22" type="method" name="rules" visibility="public" complexity="3" crap="3.02" count="6"/>
      <line num="24" type="stmt" count="6"/>
      <line num="25" type="stmt" count="6"/>
      <line num="26" type="stmt" count="6"/>
      <line num="27" type="stmt" count="6"/>
      <line num="28" type="stmt" count="6"/>
      <line num="29" type="stmt" count="6"/>
      <line num="30" type="stmt" count="6"/>
      <line num="31" type="stmt" count="0"/>
      <metrics loc="35" ncloc="27" classes="1" methods="2" coveredmethods="1" conditionals="0" coveredconditionals="0" statements="9" coveredstatements="8" elements="11" coveredelements="9"/>
    </file>
    <file name="/var/www/app/Http/Requests/UserRequest.php">
      <class name="App\Http\Requests\UserRequest" namespace="global">
        <metrics complexity="4" methods="2" coveredmethods="0" conditionals="0" coveredconditionals="0" statements="15" coveredstatements="0" elements="17" coveredelements="0"/>
      </class>
      <line num="12" type="method" name="authorize" visibility="public" complexity="1" crap="2" count="0"/>
      <line num="14" type="stmt" count="0"/>
      <line num="22" type="method" name="rules" visibility="public" complexity="3" crap="12" count="0"/>
      <line num="24" type="stmt" count="0"/>
      <line num="25" type="stmt" count="0"/>
      <line num="26" type="stmt" count="0"/>
      <line num="27" type="stmt" count="0"/>
      <line num="28" type="stmt" count="0"/>
      <line num="29" type="stmt" count="0"/>
      <line num="30" type="stmt" count="0"/>
      <line num="31" type="stmt" count="0"/>
      <line num="32" type="stmt" count="0"/>
      <line num="33" type="stmt" count="0"/>
      <line num="34" type="stmt" count="0"/>
      <line num="35" type="stmt" count="0"/>
      <line num="36" type="stmt" count="0"/>
      <line num="37" type="stmt" count="0"/>
      <metrics loc="41" ncloc="33" classes="1" methods="2" coveredmethods="0" conditionals="0" coveredconditionals="0" statements="15" coveredstatements="0" elements="17" coveredelements="0"/>
    </file>
    <file name="/var/www/app/Models/Account.php">
      <class name="App\Models\Account" namespace="global">
        <metrics complexity="0" methods="0" coveredmethods="0" conditionals="0" coveredconditionals="0" statements="0" coveredstatements="0" elements="0" coveredelements="0"/>
      </class>
      <metrics loc="45" ncloc="35" classes="0" methods="0" coveredmethods="0" conditionals="0" coveredconditionals="0" statements="0" coveredstatements="0" elements="0" coveredelements="0"/>
    </file>
    <file name="/var/www/app/Models/Transaction.php">
      <class name="App\Models\Transaction" namespace="global">
        <metrics complexity="2" methods="2" coveredmethods="0" conditionals="0" coveredconditionals="0" statements="2" coveredstatements="0" elements="4" coveredelements="0"/>
      </class>
      <line num="45" type="method" name="payer" visibility="public" complexity="1" crap="2" count="0"/>
      <line num="47" type="stmt" count="0"/>
      <line num="50" type="method" name="payee" visibility="public" complexity="1" crap="2" count="0"/>
      <line num="52" type="stmt" count="0"/>
      <metrics loc="63" ncloc="53" classes="1" methods="2" coveredmethods="0" conditionals="0" coveredconditionals="0" statements="2" coveredstatements="0" elements="4" coveredelements="0"/>
    </file>
    <file name="/var/www/app/Models/User.php">
      <class name="App\Models\User" namespace="global">
        <metrics complexity="0" methods="0" coveredmethods="0" conditionals="0" coveredconditionals="0" statements="0" coveredstatements="0" elements="0" coveredelements="0"/>
      </class>
      <metrics loc="55" ncloc="38" classes="0" methods="0" coveredmethods="0" conditionals="0" coveredconditionals="0" statements="0" coveredstatements="0" elements="0" coveredelements="0"/>
    </file>
    <file name="/var/www/app/Providers/AppServiceProvider.php">
      <class name="App\Providers\AppServiceProvider" namespace="global">
        <metrics complexity="2" methods="2" coveredmethods="2" conditionals="0" coveredconditionals="0" statements="5" coveredstatements="5" elements="7" coveredelements="7"/>
      </class>
      <line num="20" type="method" name="register" visibility="public" complexity="1" crap="1" count="47"/>
      <line num="22" type="stmt" count="47"/>
      <line num="23" type="stmt" count="47"/>
      <line num="24" type="stmt" count="47"/>
      <line num="25" type="stmt" count="47"/>
      <line num="31" type="method" name="boot" visibility="public" complexity="1" crap="1" count="47"/>
      <line num="34" type="stmt" count="47"/>
      <metrics loc="36" ncloc="29" classes="1" methods="2" coveredmethods="2" conditionals="0" coveredconditionals="0" statements="5" coveredstatements="5" elements="7" coveredelements="7"/>
    </file>
    <file name="/var/www/app/Providers/AuthServiceProvider.php">
      <class name="App\Providers\AuthServiceProvider" namespace="global">
        <metrics complexity="1" methods="1" coveredmethods="0" conditionals="0" coveredconditionals="0" statements="1" coveredstatements="0" elements="2" coveredelements="0"/>
      </class>
      <line num="22" type="method" name="boot" visibility="public" complexity="1" crap="2" count="0"/>
      <line num="25" type="stmt" count="0"/>
      <metrics loc="27" ncloc="17" classes="1" methods="1" coveredmethods="0" conditionals="0" coveredconditionals="0" statements="1" coveredstatements="0" elements="2" coveredelements="0"/>
    </file>
    <file name="/var/www/app/Providers/BroadcastServiceProvider.php">
      <class name="App\Providers\BroadcastServiceProvider" namespace="global">
        <metrics complexity="1" methods="1" coveredmethods="0" conditionals="0" coveredconditionals="0" statements="2" coveredstatements="0" elements="3" coveredelements="0"/>
      </class>
      <line num="13" type="method" name="boot" visibility="public" complexity="1" crap="2" count="0"/>
      <line num="15" type="stmt" count="0"/>
      <line num="17" type="stmt" count="0"/>
      <metrics loc="20" ncloc="17" classes="1" methods="1" coveredmethods="0" conditionals="0" coveredconditionals="0" statements="2" coveredstatements="0" elements="3" coveredelements="0"/>
    </file>
    <file name="/var/www/app/Providers/EventServiceProvider.php">
      <class name="App\Providers\EventServiceProvider" namespace="global">
        <metrics complexity="2" methods="2" coveredmethods="0" conditionals="0" coveredconditionals="0" statements="2" coveredstatements="0" elements="4" coveredelements="0"/>
      </class>
      <line num="26" type="method" name="boot" visibility="public" complexity="1" crap="2" count="0"/>
      <line num="29" type="stmt" count="0"/>
      <line num="34" type="method" name="shouldDiscoverEvents" visibility="public" complexity="1" crap="2" count="0"/>
      <line num="36" type="stmt" count="0"/>
      <metrics loc="39" ncloc="27" classes="1" methods="2" coveredmethods="0" conditionals="0" coveredconditionals="0" statements="2" coveredstatements="0" elements="4" coveredelements="0"/>
    </file>
    <file name="/var/www/app/Providers/RouteServiceProvider.php">
      <class name="App\Providers\RouteServiceProvider" namespace="global">
        <metrics complexity="2" methods="1" coveredmethods="0" conditionals="0" coveredconditionals="0" statements="10" coveredstatements="0" elements="11" coveredelements="0"/>
      </class>
      <line num="25" type="method" name="boot" visibility="public" complexity="2" crap="6" count="0"/>
      <line num="27" type="stmt" count="0"/>
      <line num="28" type="stmt" count="0"/>
      <line num="29" type="stmt" count="0"/>
      <line num="31" type="stmt" count="0"/>
      <line num="32" type="stmt" count="0"/>
      <line num="33" type="stmt" count="0"/>
      <line num="34" type="stmt" count="0"/>
      <line num="36" type="stmt" count="0"/>
      <line num="37" type="stmt" count="0"/>
      <line num="38" type="stmt" count="0"/>
      <metrics loc="41" ncloc="31" classes="1" methods="1" coveredmethods="0" conditionals="0" coveredconditionals="0" statements="10" coveredstatements="0" elements="11" coveredelements="0"/>
    </file>
    <file name="/var/www/app/Repositories/Eloquent/AbstractBaseCrudRepository.php">
      <class name="App\Repositories\Eloquent\AbstractBaseCrudRepository" namespace="global">
        <metrics complexity="9" methods="8" coveredmethods="0" conditionals="0" coveredconditionals="0" statements="24" coveredstatements="0" elements="32" coveredelements="0"/>
      </class>
      <line num="12" type="method" name="model" visibility="public" complexity="0" crap="0" count="0"/>
      <line num="14" type="method" name="__construct" visibility="public" complexity="1" crap="2" count="0"/>
      <line num="16" type="stmt" count="0"/>
      <line num="19" type="method" name="insert" visibility="public" complexity="1" crap="2" count="0"/>
      <line num="21" type="stmt" count="0"/>
      <line num="24" type="method" name="findById" visibility="public" complexity="1" crap="2" count="0"/>
      <line num="26" type="stmt" count="0"/>
      <line num="29" type="method" name="update" visibility="public" complexity="1" crap="2" count="0"/>
      <line num="31" type="stmt" count="0"/>
      <line num="32" type="stmt" count="0"/>
      <line num="33" type="stmt" count="0"/>
      <line num="34" type="stmt" count="0"/>
      <line num="37" type="method" name="delete" visibility="public" complexity="1" crap="2" count="0"/>
      <line num="39" type="stmt" count="0"/>
      <line num="40" type="stmt" count="0"/>
      <line num="43" type="method" name="getAll" visibility="public" complexity="2" crap="6" count="0"/>
      <line num="45" type="stmt" count="0"/>
      <line num="46" type="stmt" count="0"/>
      <line num="47" type="stmt" count="0"/>
      <line num="48" type="stmt" count="0"/>
      <line num="50" type="stmt" count="0"/>
      <line num="51" type="stmt" count="0"/>
      <line num="52" type="stmt" count="0"/>
      <line num="54" type="stmt" count="0"/>
      <line num="57" type="method" name="getAllPaginate" visibility="public" complexity="2" crap="6" count="0"/>
      <line num="59" type="stmt" count="0"/>
      <line num="60" type="stmt" count="0"/>
      <line num="61" type="stmt" count="0"/>
      <line num="63" type="stmt" count="0"/>
      <line num="64" type="stmt" count="0"/>
      <line num="66" type="stmt" count="0"/>
      <metrics loc="69" ncloc="69" classes="1" methods="8" coveredmethods="0" conditionals="0" coveredconditionals="0" statements="24" coveredstatements="0" elements="32" coveredelements="0"/>
    </file>
    <file name="/var/www/app/Repositories/Eloquent/AbstractDtoModelRepository.php">
      <class name="App\Repositories\Eloquent\AbstractDtoModelRepository" namespace="global">
        <metrics complexity="9" methods="8" coveredmethods="0" conditionals="0" coveredconditionals="0" statements="24" coveredstatements="0" elements="32" coveredelements="0"/>
      </class>
      <line num="12" type="method" name="model" visibility="public" complexity="0" crap="0" count="0"/>
      <line num="14" type="method" name="__construct" visibility="public" complexity="1" crap="2" count="0"/>
      <line num="16" type="stmt" count="0"/>
      <line num="19" type="method" name="insertModel" visibility="public" complexity="1" crap="2" count="0"/>
      <line num="21" type="stmt" count="0"/>
      <line num="24" type="method" name="findByIdModel" visibility="public" complexity="1" crap="2" count="0"/>
      <line num="26" type="stmt" count="0"/>
      <line num="29" type="method" name="updateModel" visibility="public" complexity="1" crap="2" count="0"/>
      <line num="31" type="stmt" count="0"/>
      <line num="32" type="stmt" count="0"/>
      <line num="33" type="stmt" count="0"/>
      <line num="34" type="stmt" count="0"/>
      <line num="37" type="method" name="delete" visibility="public" complexity="1" crap="2" count="0"/>
      <line num="39" type="stmt" count="0"/>
      <line num="40" type="stmt" count="0"/>
      <line num="43" type="method" name="getAll" visibility="public" complexity="2" crap="6" count="0"/>
      <line num="45" type="stmt" count="0"/>
      <line num="46" type="stmt" count="0"/>
      <line num="47" type="stmt" count="0"/>
      <line num="48" type="stmt" count="0"/>
      <line num="50" type="stmt" count="0"/>
      <line num="51" type="stmt" count="0"/>
      <line num="52" type="stmt" count="0"/>
      <line num="54" type="stmt" count="0"/>
      <line num="57" type="method" name="getAllPaginate" visibility="public" complexity="2" crap="6" count="0"/>
      <line num="59" type="stmt" count="0"/>
      <line num="60" type="stmt" count="0"/>
      <line num="61" type="stmt" count="0"/>
      <line num="63" type="stmt" count="0"/>
      <line num="64" type="stmt" count="0"/>
      <line num="66" type="stmt" count="0"/>
      <metrics loc="69" ncloc="69" classes="1" methods="8" coveredmethods="0" conditionals="0" coveredconditionals="0" statements="24" coveredstatements="0" elements="32" coveredelements="0"/>
    </file>
    <file name="/var/www/app/Repositories/Eloquent/AccountEloquentRepository.php">
      <class name="App\Repositories\Eloquent\AccountEloquentRepository" namespace="global">
        <metrics complexity="17" methods="13" coveredmethods="9" conditionals="0" coveredconditionals="0" statements="68" coveredstatements="49" elements="81" coveredelements="58"/>
      </class>
      <line num="20" type="method" name="__construct" visibility="public" complexity="1" crap="1" count="18"/>
      <line num="22" type="stmt" count="18"/>
      <line num="25" type="method" name="insert" visibility="public" complexity="1" crap="1" count="2"/>
      <line num="27" type="stmt" count="2"/>
      <line num="28" type="stmt" count="2"/>
      <line num="29" type="stmt" count="2"/>
      <line num="30" type="stmt" count="2"/>
      <line num="31" type="stmt" count="2"/>
      <line num="32" type="stmt" count="2"/>
      <line num="33" type="stmt" count="2"/>
      <line num="34" type="stmt" count="2"/>
      <line num="35" type="stmt" count="2"/>
      <line num="36" type="stmt" count="2"/>
      <line num="38" type="stmt" count="2"/>
      <line num="41" type="method" name="findById" visibility="public" complexity="2" crap="2" count="12"/>
      <line num="43" type="stmt" count="12"/>
      <line num="44" type="stmt" count="12"/>
      <line num="45" type="stmt" count="3"/>
      <line num="48" type="stmt" count="10"/>
      <line num="51" type="method" name="getIdsListIds" visibility="public" complexity="1" crap="2" count="0"/>
      <line num="53" type="stmt" count="0"/>
      <line num="54" type="stmt" count="0"/>
      <line num="55" type="stmt" count="0"/>
      <line num="56" type="stmt" count="0"/>
      <line num="59" type="method" name="getAllPaginate" visibility="public" complexity="2" crap="2.01" count="1"/>
      <line num="61" type="stmt" count="1"/>
      <line num="62" type="stmt" count="1"/>
      <line num="63" type="stmt" count="1"/>
      <line num="64" type="stmt" count="0"/>
      <line num="66" type="stmt" count="1"/>
      <line num="67" type="stmt" count="1"/>
      <line num="68" type="stmt" count="1"/>
      <line num="70" type="stmt" count="1"/>
      <line num="73" type="method" name="getAll" visibility="public" complexity="2" crap="6" count="0"/>
      <line num="75" type="stmt" count="0"/>
      <line num="76" type="stmt" count="0"/>
      <line num="77" type="stmt" count="0"/>
      <line num="78" type="stmt" count="0"/>
      <line num="80" type="stmt" count="0"/>
      <line num="81" type="stmt" count="0"/>
      <line num="82" type="stmt" count="0"/>
      <line num="84" type="stmt" count="0"/>
      <line num="87" type="method" name="paginate" visibility="public" complexity="2" crap="6" count="0"/>
      <line num="89" type="stmt" count="0"/>
      <line num="90" type="stmt" count="0"/>
      <line num="91" type="stmt" count="0"/>
      <line num="93" type="stmt" count="0"/>
      <line num="94" type="stmt" count="0"/>
      <line num="96" type="stmt" count="0"/>
      <line num="99" type="method" name="update" visibility="public" complexity="1" crap="1" count="6"/>
      <line num="101" type="stmt" count="6"/>
      <line num="102" type="stmt" count="6"/>
      <line num="103" type="stmt" count="6"/>
      <line num="104" type="stmt" count="6"/>
      <line num="105" type="stmt" count="6"/>
      <line num="106" type="stmt" count="6"/>
      <line num="107" type="stmt" count="6"/>
      <line num="108" type="stmt" count="6"/>
      <line num="109" type="stmt" count="6"/>
      <line num="110" type="stmt" count="6"/>
      <line num="112" type="stmt" count="6"/>
      <line num="113" type="stmt" count="6"/>
      <line num="116" type="method" name="delete" visibility="public" complexity="1" crap="1" count="1"/>
      <line num="118" type="stmt" count="1"/>
      <line num="119" type="stmt" count="1"/>
      <line num="122" type="method" name="findByIdEloquent" visibility="private" complexity="1" crap="1" count="7"/>
      <line num="124" type="stmt" count="7"/>
      <line num="127" type="method" name="findByEmail" visibility="public" complexity="1" crap="1" count="2"/>
      <line num="129" type="stmt" count="2"/>
      <line num="132" type="method" name="findByCpfCnpj" visibility="public" complexity="1" crap="1" count="2"/>
      <line num="134" type="stmt" count="2"/>
      <line num="137" type="method" name="convertObjectToEntity" visibility="private" complexity="1" crap="1" count="12"/>
      <line num="139" type="stmt" count="12"/>
      <line num="140" type="stmt" count="12"/>
      <line num="141" type="stmt" count="12"/>
      <line num="142" type="stmt" count="12"/>
      <line num="143" type="stmt" count="12"/>
      <line num="144" type="stmt" count="12"/>
      <line num="145" type="stmt" count="12"/>
      <line num="146" type="stmt" count="12"/>
      <line num="147" type="stmt" count="12"/>
      <metrics loc="150" ncloc="150" classes="1" methods="13" coveredmethods="9" conditionals="0" coveredconditionals="0" statements="68" coveredstatements="49" elements="81" coveredelements="58"/>
    </file>
    <file name="/var/www/app/Repositories/Eloquent/MessageEloquentRepository.php">
      <class name="App\Repositories\Eloquent\MessageEloquentRepository" namespace="global">
        <metrics complexity="11" methods="9" coveredmethods="0" conditionals="0" coveredconditionals="0" statements="43" coveredstatements="0" elements="52" coveredelements="0"/>
      </class>
      <line num="14" type="method" name="__construct" visibility="public" complexity="1" crap="2" count="0"/>
      <line num="16" type="stmt" count="0"/>
      <line num="19" type="method" name="insert" visibility="public" complexity="1" crap="2" count="0"/>
      <line num="21" type="stmt" count="0"/>
      <line num="22" type="stmt" count="0"/>
      <line num="23" type="stmt" count="0"/>
      <line num="24" type="stmt" count="0"/>
      <line num="25" type="stmt" count="0"/>
      <line num="26" type="stmt" count="0"/>
      <line num="27" type="stmt" count="0"/>
      <line num="29" type="stmt" count="0"/>
      <line num="32" type="method" name="delete" visibility="public" complexity="1" crap="2" count="0"/>
      <line num="34" type="stmt" count="0"/>
      <line num="35" type="stmt" count="0"/>
      <line num="38" type="method" name="findById" visibility="public" complexity="1" crap="2" count="0"/>
      <line num="40" type="stmt" count="0"/>
      <line num="41" type="stmt" count="0"/>
      <line num="44" type="method" name="update" visibility="public" complexity="1" crap="2" count="0"/>
      <line num="46" type="stmt" count="0"/>
      <line num="47" type="stmt" count="0"/>
      <line num="48" type="stmt" count="0"/>
      <line num="49" type="stmt" count="0"/>
      <line num="50" type="stmt" count="0"/>
      <line num="51" type="stmt" count="0"/>
      <line num="52" type="stmt" count="0"/>
      <line num="53" type="stmt" count="0"/>
      <line num="56" type="method" name="getAll" visibility="public" complexity="2" crap="6" count="0"/>
      <line num="58" type="stmt" count="0"/>
      <line num="59" type="stmt" count="0"/>
      <line num="60" type="stmt" count="0"/>
      <line num="61" type="stmt" count="0"/>
      <line num="63" type="stmt" count="0"/>
      <line num="64" type="stmt" count="0"/>
      <line num="65" type="stmt" count="0"/>
      <line num="67" type="stmt" count="0"/>
      <line num="70" type="method" name="getAllPaginate" visibility="public" complexity="2" crap="6" count="0"/>
      <line num="72" type="stmt" count="0"/>
      <line num="73" type="stmt" count="0"/>
      <line num="74" type="stmt" count="0"/>
      <line num="76" type="stmt" count="0"/>
      <line num="77" type="stmt" count="0"/>
      <line num="79" type="stmt" count="0"/>
      <line num="82" type="method" name="model" visibility="public" complexity="1" crap="2" count="0"/>
      <line num="84" type="stmt" count="0"/>
      <line num="87" type="method" name="convertToEntity" visibility="private" complexity="1" crap="2" count="0"/>
      <line num="89" type="stmt" count="0"/>
      <line num="90" type="stmt" count="0"/>
      <line num="91" type="stmt" count="0"/>
      <line num="92" type="stmt" count="0"/>
      <line num="93" type="stmt" count="0"/>
      <line num="94" type="stmt" count="0"/>
      <line num="95" type="stmt" count="0"/>
      <metrics loc="98" ncloc="98" classes="1" methods="9" coveredmethods="0" conditionals="0" coveredconditionals="0" statements="43" coveredstatements="0" elements="52" coveredelements="0"/>
    </file>
    <file name="/var/www/app/Repositories/Eloquent/NewsLetterEloquentRepository.php">
      <class name="App\Repositories\Eloquent\NewsLetterEloquentRepository" namespace="global">
        <metrics complexity="13" methods="10" coveredmethods="0" conditionals="0" coveredconditionals="0" statements="40" coveredstatements="0" elements="50" coveredelements="0"/>
      </class>
      <line num="15" type="method" name="__construct" visibility="public" complexity="1" crap="2" count="0"/>
      <line num="17" type="stmt" count="0"/>
      <line num="20" type="method" name="model" visibility="public" complexity="1" crap="2" count="0"/>
      <line num="22" type="stmt" count="0"/>
      <line num="25" type="method" name="insert" visibility="public" complexity="1" crap="2" count="0"/>
      <line num="27" type="stmt" count="0"/>
      <line num="28" type="stmt" count="0"/>
      <line num="29" type="stmt" count="0"/>
      <line num="30" type="stmt" count="0"/>
      <line num="31" type="stmt" count="0"/>
      <line num="32" type="stmt" count="0"/>
      <line num="34" type="stmt" count="0"/>
      <line num="37" type="method" name="findById" visibility="public" complexity="1" crap="2" count="0"/>
      <line num="39" type="stmt" count="0"/>
      <line num="40" type="stmt" count="0"/>
      <line num="43" type="method" name="getAllPaginate" visibility="public" complexity="2" crap="6" count="0"/>
      <line num="45" type="stmt" count="0"/>
      <line num="46" type="stmt" count="0"/>
      <line num="47" type="stmt" count="0"/>
      <line num="49" type="stmt" count="0"/>
      <line num="50" type="stmt" count="0"/>
      <line num="51" type="stmt" count="0"/>
      <line num="54" type="method" name="getAll" visibility="public" complexity="2" crap="6" count="0"/>
      <line num="56" type="stmt" count="0"/>
      <line num="57" type="stmt" count="0"/>
      <line num="58" type="stmt" count="0"/>
      <line num="60" type="stmt" count="0"/>
      <line num="61" type="stmt" count="0"/>
      <line num="64" type="method" name="update" visibility="public" complexity="1" crap="2" count="0"/>
      <line num="66" type="stmt" count="0"/>
      <line num="67" type="stmt" count="0"/>
      <line num="68" type="stmt" count="0"/>
      <line num="69" type="stmt" count="0"/>
      <line num="70" type="stmt" count="0"/>
      <line num="71" type="stmt" count="0"/>
      <line num="72" type="stmt" count="0"/>
      <line num="75" type="method" name="delete" visibility="public" complexity="1" crap="2" count="0"/>
      <line num="77" type="stmt" count="0"/>
      <line num="78" type="stmt" count="0"/>
      <line num="81" type="method" name="registerUserOnList" visibility="public" complexity="2" crap="6" count="0"/>
      <line num="83" type="stmt" count="0"/>
      <line num="85" type="stmt" count="0"/>
      <line num="86" type="stmt" count="0"/>
      <line num="90" type="method" name="convertToEntity" visibility="private" complexity="1" crap="2" count="0"/>
      <line num="92" type="stmt" count="0"/>
      <line num="93" type="stmt" count="0"/>
      <line num="94" type="stmt" count="0"/>
      <line num="95" type="stmt" count="0"/>
      <line num="96" type="stmt" count="0"/>
      <line num="97" type="stmt" count="0"/>
      <metrics loc="100" ncloc="100" classes="1" methods="10" coveredmethods="0" conditionals="0" coveredconditionals="0" statements="40" coveredstatements="0" elements="50" coveredelements="0"/>
    </file>
    <file name="/var/www/app/Repositories/Eloquent/TransactionEloquentRepository.php">
      <class name="App\Repositories\Eloquent\TransactionEloquentRepository" namespace="global">
        <metrics complexity="19" methods="14" coveredmethods="5" conditionals="0" coveredconditionals="0" statements="74" coveredstatements="39" elements="88" coveredelements="44"/>
      </class>
      <line num="17" type="method" name="__construct" visibility="public" complexity="1" crap="1" count="11"/>
      <line num="20" type="stmt" count="11"/>
      <line num="23" type="method" name="insert" visibility="public" complexity="1" crap="1" count="2"/>
      <line num="25" type="stmt" count="2"/>
      <line num="26" type="stmt" count="2"/>
      <line num="27" type="stmt" count="2"/>
      <line num="28" type="stmt" count="2"/>
      <line num="29" type="stmt" count="2"/>
      <line num="30" type="stmt" count="2"/>
      <line num="31" type="stmt" count="2"/>
      <line num="32" type="stmt" count="2"/>
      <line num="33" type="stmt" count="2"/>
      <line num="35" type="stmt" count="2"/>
      <line num="38" type="method" name="findById" visibility="public" complexity="2" crap="2" count="4"/>
      <line num="40" type="stmt" count="4"/>
      <line num="41" type="stmt" count="4"/>
      <line num="42" type="stmt" count="2"/>
      <line num="45" type="stmt" count="2"/>
      <line num="48" type="method" name="getIdsListIds" visibility="public" complexity="1" crap="2" count="0"/>
      <line num="50" type="stmt" count="0"/>
      <line num="51" type="stmt" count="0"/>
      <line num="52" type="stmt" count="0"/>
      <line num="53" type="stmt" count="0"/>
      <line num="56" type="method" name="getAllPaginate" visibility="public" complexity="2" crap="6" count="0"/>
      <line num="58" type="stmt" count="0"/>
      <line num="59" type="stmt" count="0"/>
      <line num="60" type="stmt" count="0"/>
      <line num="61" type="stmt" count="0"/>
      <line num="63" type="stmt" count="0"/>
      <line num="64" type="stmt" count="0"/>
      <line num="65" type="stmt" count="0"/>
      <line num="67" type="stmt" count="0"/>
      <line num="70" type="method" name="getAll" visibility="public" complexity="2" crap="6" count="0"/>
      <line num="72" type="stmt" count="0"/>
      <line num="73" type="stmt" count="0"/>
      <line num="74" type="stmt" count="0"/>
      <line num="75" type="stmt" count="0"/>
      <line num="77" type="stmt" count="0"/>
      <line num="78" type="stmt" count="0"/>
      <line num="79" type="stmt" count="0"/>
      <line num="81" type="stmt" count="0"/>
      <line num="84" type="method" name="paginate" visibility="public" complexity="2" crap="6" count="0"/>
      <line num="86" type="stmt" count="0"/>
      <line num="87" type="stmt" count="0"/>
      <line num="88" type="stmt" count="0"/>
      <line num="90" type="stmt" count="0"/>
      <line num="91" type="stmt" count="0"/>
      <line num="93" type="stmt" count="0"/>
      <line num="96" type="method" name="update" visibility="public" complexity="1" crap="1" count="2"/>
      <line num="98" type="stmt" count="2"/>
      <line num="99" type="stmt" count="2"/>
      <line num="100" type="stmt" count="2"/>
      <line num="101" type="stmt" count="2"/>
      <line num="102" type="stmt" count="2"/>
      <line num="103" type="stmt" count="2"/>
      <line num="104" type="stmt" count="2"/>
      <line num="105" type="stmt" count="2"/>
      <line num="106" type="stmt" count="2"/>
      <line num="107" type="stmt" count="2"/>
      <line num="109" type="stmt" count="2"/>
      <line num="110" type="stmt" count="2"/>
      <line num="113" type="method" name="delete" visibility="public" complexity="1" crap="2" count="0"/>
      <line num="115" type="stmt" count="0"/>
      <line num="116" type="stmt" count="0"/>
      <line num="119" type="method" name="findByIdEloquent" visibility="private" complexity="2" crap="2.06" count="2"/>
      <line num="121" type="stmt" count="2"/>
      <line num="122" type="stmt" count="2"/>
      <line num="123" type="stmt" count="0"/>
      <line num="126" type="stmt" count="2"/>
      <line num="130" type="method" name="updateBalance" visibility="public" complexity="1" crap="2" count="0"/>
      <line num="132" type="stmt" count="0"/>
      <line num="133" type="stmt" count="0"/>
      <line num="134" type="stmt" count="0"/>
      <line num="135" type="stmt" count="0"/>
      <line num="138" type="method" name="transactionAproved" visibility="public" complexity="1" crap="2" count="0"/>
      <line num="140" type="stmt" count="0"/>
      <line num="143" type="method" name="transactionReproved" visibility="public" complexity="1" crap="2" count="0"/>
      <line num="145" type="stmt" count="0"/>
      <line num="148" type="method" name="convertObjectToEntity" visibility="private" complexity="1" crap="1" count="4"/>
      <line num="150" type="stmt" count="4"/>
      <line num="151" type="stmt" count="4"/>
      <line num="152" type="stmt" count="4"/>
      <line num="153" type="stmt" count="4"/>
      <line num="154" type="stmt" count="4"/>
      <line num="155" type="stmt" count="4"/>
      <line num="156" type="stmt" count="4"/>
      <line num="157" type="stmt" count="4"/>
      <line num="158" type="stmt" count="4"/>
      <metrics loc="161" ncloc="161" classes="1" methods="14" coveredmethods="5" conditionals="0" coveredconditionals="0" statements="74" coveredstatements="39" elements="88" coveredelements="44"/>
    </file>
    <file name="/var/www/app/Repositories/Eloquent/UserEloquentRepository.php">
      <class name="App\Repositories\Eloquent\UserEloquentRepository" namespace="global">
        <metrics complexity="17" methods="13" coveredmethods="0" conditionals="0" coveredconditionals="0" statements="65" coveredstatements="0" elements="78" coveredelements="0"/>
      </class>
      <line num="14" type="method" name="__construct" visibility="public" complexity="1" crap="2" count="0"/>
      <line num="16" type="stmt" count="0"/>
      <line num="19" type="method" name="insert" visibility="public" complexity="1" crap="2" count="0"/>
      <line num="21" type="stmt" count="0"/>
      <line num="22" type="stmt" count="0"/>
      <line num="23" type="stmt" count="0"/>
      <line num="24" type="stmt" count="0"/>
      <line num="25" type="stmt" count="0"/>
      <line num="26" type="stmt" count="0"/>
      <line num="27" type="stmt" count="0"/>
      <line num="28" type="stmt" count="0"/>
      <line num="29" type="stmt" count="0"/>
      <line num="31" type="stmt" count="0"/>
      <line num="34" type="method" name="findById" visibility="public" complexity="2" crap="6" count="0"/>
      <line num="36" type="stmt" count="0"/>
      <line num="37" type="stmt" count="0"/>
      <line num="38" type="stmt" count="0"/>
      <line num="41" type="stmt" count="0"/>
      <line num="44" type="method" name="getIdsListIds" visibility="public" complexity="1" crap="2" count="0"/>
      <line num="46" type="stmt" count="0"/>
      <line num="47" type="stmt" count="0"/>
      <line num="48" type="stmt" count="0"/>
      <line num="49" type="stmt" count="0"/>
      <line num="52" type="method" name="getAllPaginate" visibility="public" complexity="2" crap="6" count="0"/>
      <line num="54" type="stmt" count="0"/>
      <line num="55" type="stmt" count="0"/>
      <line num="56" type="stmt" count="0"/>
      <line num="57" type="stmt" count="0"/>
      <line num="59" type="stmt" count="0"/>
      <line num="60" type="stmt" count="0"/>
      <line num="61" type="stmt" count="0"/>
      <line num="63" type="stmt" count="0"/>
      <line num="66" type="method" name="getAll" visibility="public" complexity="2" crap="6" count="0"/>
      <line num="68" type="stmt" count="0"/>
      <line num="69" type="stmt" count="0"/>
      <line num="70" type="stmt" count="0"/>
      <line num="71" type="stmt" count="0"/>
      <line num="73" type="stmt" count="0"/>
      <line num="74" type="stmt" count="0"/>
      <line num="75" type="stmt" count="0"/>
      <line num="77" type="stmt" count="0"/>
      <line num="80" type="method" name="paginate" visibility="public" complexity="2" crap="6" count="0"/>
      <line num="82" type="stmt" count="0"/>
      <line num="83" type="stmt" count="0"/>
      <line num="84" type="stmt" count="0"/>
      <line num="86" type="stmt" count="0"/>
      <line num="87" type="stmt" count="0"/>
      <line num="89" type="stmt" count="0"/>
      <line num="92" type="method" name="update" visibility="public" complexity="1" crap="2" count="0"/>
      <line num="94" type="stmt" count="0"/>
      <line num="95" type="stmt" count="0"/>
      <line num="96" type="stmt" count="0"/>
      <line num="97" type="stmt" count="0"/>
      <line num="98" type="stmt" count="0"/>
      <line num="99" type="stmt" count="0"/>
      <line num="100" type="stmt" count="0"/>
      <line num="101" type="stmt" count="0"/>
      <line num="102" type="stmt" count="0"/>
      <line num="104" type="stmt" count="0"/>
      <line num="105" type="stmt" count="0"/>
      <line num="108" type="method" name="delete" visibility="public" complexity="1" crap="2" count="0"/>
      <line num="110" type="stmt" count="0"/>
      <line num="111" type="stmt" count="0"/>
      <line num="114" type="method" name="findByIdEloquent" visibility="private" complexity="1" crap="2" count="0"/>
      <line num="116" type="stmt" count="0"/>
      <line num="119" type="method" name="convertToEntity" visibility="private" complexity="1" crap="2" count="0"/>
      <line num="121" type="stmt" count="0"/>
      <line num="122" type="stmt" count="0"/>
      <line num="123" type="stmt" count="0"/>
      <line num="124" type="stmt" count="0"/>
      <line num="125" type="stmt" count="0"/>
      <line num="126" type="stmt" count="0"/>
      <line num="127" type="stmt" count="0"/>
      <line num="128" type="stmt" count="0"/>
      <line num="131" type="method" name="findByEmail" visibility="public" complexity="1" crap="2" count="0"/>
      <line num="133" type="stmt" count="0"/>
      <line num="136" type="method" name="findByCpfCnpj" visibility="public" complexity="1" crap="2" count="0"/>
      <line num="138" type="stmt" count="0"/>
      <metrics loc="141" ncloc="141" classes="1" methods="13" coveredmethods="0" conditionals="0" coveredconditionals="0" statements="65" coveredstatements="0" elements="78" coveredelements="0"/>
    </file>
    <file name="/var/www/app/Services/RabbitMQ/AMQPService.php">
      <class name="App\Services\RabbitMQ\AMQPService" namespace="global">
        <metrics complexity="15" methods="10" coveredmethods="5" conditionals="0" coveredconditionals="0" statements="95" coveredstatements="29" elements="105" coveredelements="34"/>
      </class>
      <line num="18" type="method" name="__construct" visibility="public" complexity="1" crap="1" count="8"/>
      <line num="20" type="stmt" count="8"/>
      <line num="21" type="stmt" count="8"/>
      <line num="22" type="stmt" count="8"/>
      <line num="23" type="stmt" count="8"/>
      <line num="24" type="stmt" count="8"/>
      <line num="27" type="method" name="producer" visibility="public" complexity="1" crap="1" count="2"/>
      <line num="29" type="stmt" count="2"/>
      <line num="30" type="stmt" count="2"/>
      <line num="31" type="stmt" count="2"/>
      <line num="32" type="stmt" count="2"/>
      <line num="36" type="stmt" count="2"/>
      <line num="37" type="stmt" count="2"/>
[...]
      </class>
      <line num="7" type="method" name="__construct" visibility="public" complexity="1" crap="2" count="0"/>
      <line num="17" type="stmt" count="0"/>
      <metrics loc="19" ncloc="19" classes="1" methods="1" coveredmethods="0" conditionals="0" coveredconditionals="0" statements="1" coveredstatements="0" elements="2" coveredelements="0"/>
    </file>
    <file name="/var/www/app/UseCases/DTO/Transaction/TransactionCreateInputDto.php">
      <class name="App\UseCases\DTO\Transaction\TransactionCreateInputDto" namespace="global">
        <metrics complexity="1" methods="1" coveredmethods="1" conditionals="0" coveredconditionals="0" statements="1" coveredstatements="1" elements="2" coveredelements="2"/>
      </class>
      <line num="7" type="method" name="__construct" visibility="public" complexity="1" crap="1" count="7"/>
      <line num="12" type="stmt" count="7"/>
      <metrics loc="14" ncloc="14" classes="1" methods="1" coveredmethods="1" conditionals="0" coveredconditionals="0" statements="1" coveredstatements="1" elements="2" coveredelements="2"/>
    </file>
    <file name="/var/www/app/UseCases/DTO/Transaction/TransactionCreateOutputDto.php">
      <class name="App\UseCases\DTO\Transaction\TransactionCreateOutputDto" namespace="global">
        <metrics complexity="1" methods="1" coveredmethods="1" conditionals="0" coveredconditionals="0" statements="1" coveredstatements="1" elements="2" coveredelements="2"/>
      </class>
      <line num="7" type="method" name="__construct" visibility="public" complexity="1" crap="1" count="2"/>
      <line num="16" type="stmt" count="2"/>
      <metrics loc="18" ncloc="18" classes="1" methods="1" coveredmethods="1" conditionals="0" coveredconditionals="0" statements="1" coveredstatements="1" elements="2" coveredelements="2"/>
    </file>
    <file name="/var/www/app/UseCases/DTO/Transaction/TransferAprovedInputDto.php">
      <class name="App\UseCases\DTO\Transaction\TransferAprovedInputDto" namespace="global">
        <metrics complexity="1" methods="1" coveredmethods="1" conditionals="0" coveredconditionals="0" statements="1" coveredstatements="1" elements="2" coveredelements="2"/>
      </class>
      <line num="7" type="method" name="__construct" visibility="public" complexity="1" crap="1" count="4"/>
      <line num="13" type="stmt" count="4"/>
      <metrics loc="15" ncloc="15" classes="1" methods="1" coveredmethods="1" conditionals="0" coveredconditionals="0" statements="1" coveredstatements="1" elements="2" coveredelements="2"/>
    </file>
    <file name="/var/www/app/UseCases/DTO/User/UserCreateInputDto.php">
      <class name="App\UseCases\DTO\User\UserCreateInputDto" namespace="global">
        <metrics complexity="1" methods="1" coveredmethods="1" conditionals="0" coveredconditionals="0" statements="1" coveredstatements="1" elements="2" coveredelements="2"/>
      </class>
      <line num="7" type="method" name="__construct" visibility="public" complexity="1" crap="1" count="2"/>
      <line num="13" type="stmt" count="2"/>
      <metrics loc="15" ncloc="15" classes="1" methods="1" coveredmethods="1" conditionals="0" coveredconditionals="0" statements="1" coveredstatements="1" elements="2" coveredelements="2"/>
    </file>
    <file name="/var/www/app/UseCases/DTO/User/UserCreateOutputDto.php">
      <class name="App\UseCases\DTO\User\UserCreateOutputDto" namespace="global">
        <metrics complexity="1" methods="1" coveredmethods="1" conditionals="0" coveredconditionals="0" statements="1" coveredstatements="1" elements="2" coveredelements="2"/>
      </class>
      <line num="7" type="method" name="__construct" visibility="public" complexity="1" crap="1" count="2"/>
      <line num="15" type="stmt" count="2"/>
      <metrics loc="17" ncloc="17" classes="1" methods="1" coveredmethods="1" conditionals="0" coveredconditionals="0" statements="1" coveredstatements="1" elements="2" coveredelements="2"/>
    </file>
    <file name="/var/www/app/UseCases/DTO/User/UserUpdateInputDto.php">
      <class name="App\UseCases\DTO\User\UserUpdateInputDto" namespace="global">
        <metrics complexity="1" methods="1" coveredmethods="0" conditionals="0" coveredconditionals="0" statements="1" coveredstatements="0" elements="2" coveredelements="0"/>
      </class>
      <line num="7" type="method" name="__construct" visibility="public" complexity="1" crap="2" count="0"/>
      <line num="15" type="stmt" count="0"/>
      <metrics loc="17" ncloc="17" classes="1" methods="1" coveredmethods="0" conditionals="0" coveredconditionals="0" statements="1" coveredstatements="0" elements="2" coveredelements="0"/>
    </file>
    <file name="/var/www/app/UseCases/DTO/User/UserUpdateOutputDto.php">
      <class name="App\UseCases\DTO\User\UserUpdateOutputDto" namespace="global">
        <metrics complexity="1" methods="1" coveredmethods="0" conditionals="0" coveredconditionals="0" statements="1" coveredstatements="0" elements="2" coveredelements="0"/>
      </class>
      <line num="7" type="method" name="__construct" visibility="public" complexity="1" crap="2" count="0"/>
      <line num="16" type="stmt" count="0"/>
      <metrics loc="18" ncloc="18" classes="1" methods="1" coveredmethods="0" conditionals="0" coveredconditionals="0" statements="1" coveredstatements="0" elements="2" coveredelements="0"/>
    </file>
    <file name="/var/www/app/UseCases/Transaction/AccountFindByIdUseCase.php">
      <class name="App\UseCases\Account\AccountFindByIdUseCase" namespace="global">
        <metrics complexity="2" methods="2" coveredmethods="0" conditionals="0" coveredconditionals="0" statements="11" coveredstatements="0" elements="13" coveredelements="0"/>
      </class>
      <line num="14" type="method" name="__construct" visibility="public" complexity="1" crap="2" count="0"/>
      <line num="16" type="stmt" count="0"/>
      <line num="19" type="method" name="execute" visibility="public" complexity="1" crap="2" count="0"/>
      <line num="21" type="stmt" count="0"/>
      <line num="22" type="stmt" count="0"/>
      <line num="23" type="stmt" count="0"/>
      <line num="24" type="stmt" count="0"/>
      <line num="25" type="stmt" count="0"/>
      <line num="26" type="stmt" count="0"/>
      <line num="27" type="stmt" count="0"/>
      <line num="28" type="stmt" count="0"/>
      <line num="29" type="stmt" count="0"/>
      <line num="30" type="stmt" count="0"/>
      <metrics loc="33" ncloc="33" classes="1" methods="2" coveredmethods="0" conditionals="0" coveredconditionals="0" statements="11" coveredstatements="0" elements="13" coveredelements="0"/>
    </file>
    <file name="/var/www/app/UseCases/Transaction/AccountGetAllByPayerUseCase.php">
      <class name="App\UseCases\Account\AccountGetAllUseCase" namespace="global">
        <metrics complexity="2" methods="2" coveredmethods="0" conditionals="0" coveredconditionals="0" statements="2" coveredstatements="0" elements="4" coveredelements="0"/>
      </class>
      <line num="13" type="method" name="__construct" visibility="public" complexity="1" crap="2" count="0"/>
      <line num="15" type="stmt" count="0"/>
      <line num="18" type="method" name="execute" visibility="public" complexity="1" crap="2" count="0"/>
      <line num="20" type="stmt" count="0"/>
      <metrics loc="23" ncloc="23" classes="1" methods="2" coveredmethods="0" conditionals="0" coveredconditionals="0" statements="2" coveredstatements="0" elements="4" coveredelements="0"/>
    </file>
    <file name="/var/www/app/UseCases/Transaction/TransactionReprovedUseCase.php">
      <class name="App\UseCases\Transaction\TransactionUpdateUseCase" namespace="global">
        <metrics complexity="2" methods="2" coveredmethods="0" conditionals="0" coveredconditionals="0" statements="2" coveredstatements="0" elements="4" coveredelements="0"/>
      </class>
      <line num="13" type="method" name="__construct" visibility="public" complexity="1" crap="2" count="0"/>
      <line num="16" type="stmt" count="0"/>
      <line num="18" type="method" name="execute" visibility="public" complexity="1" crap="2" count="0"/>
      <line num="20" type="stmt" count="0"/>
      <metrics loc="22" ncloc="22" classes="1" methods="2" coveredmethods="0" conditionals="0" coveredconditionals="0" statements="2" coveredstatements="0" elements="4" coveredelements="0"/>
    </file>
    <file name="/var/www/app/UseCases/Transaction/TransferAprovedUseCase.php">
      <class name="App\UseCases\Transaction\TransferAprovedUseCase" namespace="global">
        <metrics complexity="2" methods="2" coveredmethods="2" conditionals="0" coveredconditionals="0" statements="19" coveredstatements="19" elements="21" coveredelements="21"/>
      </class>
      <line num="19" type="method" name="__construct" visibility="public" complexity="1" crap="1" count="2"/>
      <line num="24" type="stmt" count="2"/>
      <line num="26" type="method" name="execute" visibility="public" complexity="1" crap="1" count="2"/>
      <line num="28" type="stmt" count="2"/>
      <line num="29" type="stmt" count="2"/>
      <line num="30" type="stmt" count="2"/>
      <line num="31" type="stmt" count="2"/>
      <line num="32" type="stmt" count="2"/>
      <line num="33" type="stmt" count="2"/>
      <line num="34" type="stmt" count="2"/>
      <line num="35" type="stmt" count="2"/>
      <line num="36" type="stmt" count="2"/>
      <line num="37" type="stmt" count="1"/>
      <line num="38" type="stmt" count="1"/>
      <line num="39" type="stmt" count="1"/>
      <line num="40" type="stmt" count="1"/>
      <line num="41" type="stmt" count="1"/>
      <line num="42" type="stmt" count="1"/>
      <line num="43" type="stmt" count="1"/>
      <line num="44" type="stmt" count="1"/>
      <line num="45" type="stmt" count="1"/>
      <metrics loc="48" ncloc="48" classes="1" methods="2" coveredmethods="2" conditionals="0" coveredconditionals="0" statements="19" coveredstatements="19" elements="21" coveredelements="21"/>
    </file>
    <file name="/var/www/app/UseCases/Transaction/TransferCreateUseCase.php">
      <class name="App\UseCases\Transaction\TransferCreateUseCase" namespace="global">
        <metrics complexity="2" methods="2" coveredmethods="2" conditionals="0" coveredconditionals="0" statements="26" coveredstatements="26" elements="28" coveredelements="28"/>
      </class>
      <line num="20" type="method" name="__construct" visibility="public" complexity="1" crap="1" count="7"/>
      <line num="25" type="stmt" count="7"/>
      <line num="27" type="method" name="execute" visibility="public" complexity="1" crap="1" count="7"/>
      <line num="29" type="stmt" count="7"/>
      <line num="30" type="stmt" count="7"/>
      <line num="31" type="stmt" count="7"/>
      <line num="32" type="stmt" count="7"/>
      <line num="33" type="stmt" count="7"/>
      <line num="34" type="stmt" count="7"/>
      <line num="36" type="stmt" count="7"/>
      <line num="37" type="stmt" count="5"/>
      <line num="38" type="stmt" count="4"/>
      <line num="39" type="stmt" count="4"/>
      <line num="40" type="stmt" count="4"/>
      <line num="41" type="stmt" count="2"/>
      <line num="42" type="stmt" count="2"/>
      <line num="43" type="stmt" count="2"/>
      <line num="44" type="stmt" count="2"/>
      <line num="45" type="stmt" count="4"/>
      <line num="47" type="stmt" count="2"/>
      <line num="48" type="stmt" count="2"/>
      <line num="49" type="stmt" count="2"/>
      <line num="50" type="stmt" count="2"/>
      <line num="51" type="stmt" count="2"/>
      <line num="52" type="stmt" count="2"/>
      <line num="53" type="stmt" count="2"/>
      <line num="54" type="stmt" count="2"/>
      <line num="55" type="stmt" count="2"/>
      <metrics loc="58" ncloc="58" classes="1" methods="2" coveredmethods="2" conditionals="0" coveredconditionals="0" statements="26" coveredstatements="26" elements="28" coveredelements="28"/>
    </file>
    <file name="/var/www/app/UseCases/Transaction/TransferReprovedUseCase.php">
      <class name="App\UseCases\Transaction\TransferReprovedUseCase" namespace="global">
        <metrics complexity="2" methods="2" coveredmethods="2" conditionals="0" coveredconditionals="0" statements="19" coveredstatements="19" elements="21" coveredelements="21"/>
      </class>
      <line num="19" type="method" name="__construct" visibility="public" complexity="1" crap="1" count="2"/>
      <line num="24" type="stmt" count="2"/>
      <line num="26" type="method" name="execute" visibility="public" complexity="1" crap="1" count="2"/>
      <line num="28" type="stmt" count="2"/>
      <line num="29" type="stmt" count="2"/>
      <line num="30" type="stmt" count="2"/>
      <line num="31" type="stmt" count="2"/>
      <line num="32" type="stmt" count="2"/>
      <line num="33" type="stmt" count="2"/>
      <line num="34" type="stmt" count="2"/>
      <line num="35" type="stmt" count="2"/>
      <line num="37" type="stmt" count="2"/>
      <line num="38" type="stmt" count="1"/>
      <line num="39" type="stmt" count="1"/>
      <line num="40" type="stmt" count="1"/>
      <line num="41" type="stmt" count="1"/>
      <line num="42" type="stmt" count="1"/>
      <line num="43" type="stmt" count="1"/>
      <line num="44" type="stmt" count="1"/>
      <line num="45" type="stmt" count="1"/>
      <line num="46" type="stmt" count="1"/>
      <metrics loc="49" ncloc="49" classes="1" methods="2" coveredmethods="2" conditionals="0" coveredconditionals="0" statements="19" coveredstatements="19" elements="21" coveredelements="21"/>
    </file>
    <file name="/var/www/app/UseCases/User/UserCreateUseCase.php">
      <class name="App\UseCases\User\UserCreateUseCase" namespace="global">
        <metrics complexity="4" methods="2" coveredmethods="1" conditionals="0" coveredconditionals="0" statements="20" coveredstatements="19" elements="22" coveredelements="20"/>
      </class>
      <line num="16" type="method" name="__construct" visibility="public" complexity="1" crap="1" count="2"/>
      <line num="20" type="stmt" count="2"/>
      <line num="21" type="stmt" count="2"/>
      <line num="24" type="method" name="execute" visibility="public" complexity="3" crap="3.00" count="2"/>
      <line num="26" type="stmt" count="2"/>
      <line num="27" type="stmt" count="2"/>
      <line num="28" type="stmt" count="2"/>
      <line num="29" type="stmt" count="2"/>
      <line num="30" type="stmt" count="2"/>
      <line num="31" type="stmt" count="2"/>
      <line num="33" type="stmt" count="2"/>
      <line num="34" type="stmt" count="0"/>
      <line num="37" type="stmt" count="2"/>
      <line num="38" type="stmt" count="2"/>
      <line num="40" type="stmt" count="2"/>
      <line num="41" type="stmt" count="2"/>
      <line num="42" type="stmt" count="2"/>
      <line num="43" type="stmt" count="2"/>
      <line num="44" type="stmt" count="2"/>
      <line num="45" type="stmt" count="2"/>
      <line num="46" type="stmt" count="2"/>
      <line num="47" type="stmt" count="2"/>
      <metrics loc="51" ncloc="51" classes="1" methods="2" coveredmethods="1" conditionals="0" coveredconditionals="0" statements="20" coveredstatements="19" elements="22" coveredelements="20"/>
    </file>
    <file name="/var/www/app/UseCases/User/UserDeleteUseCase.php">
      <class name="App\UseCases\User\UserDeleteUseCase" namespace="global">
        <metrics complexity="2" methods="2" coveredmethods="0" conditionals="0" coveredconditionals="0" statements="2" coveredstatements="0" elements="4" coveredelements="0"/>
      </class>
      <line num="16" type="method" name="__construct" visibility="public" complexity="1" crap="2" count="0"/>
      <line num="18" type="stmt" count="0"/>
      <line num="21" type="method" name="execute" visibility="public" complexity="1" crap="2" count="0"/>
      <line num="23" type="stmt" count="0"/>
      <metrics loc="26" ncloc="25" classes="1" methods="2" coveredmethods="0" conditionals="0" coveredconditionals="0" statements="2" coveredstatements="0" elements="4" coveredelements="0"/>
    </file>
    <file name="/var/www/app/UseCases/User/UserFindByIdUseCase.php">
      <class name="App\UseCases\User\UserFindByIdUseCase" namespace="global">
        <metrics complexity="2" methods="2" coveredmethods="0" conditionals="0" coveredconditionals="0" statements="10" coveredstatements="0" elements="12" coveredelements="0"/>
      </class>
      <line num="16" type="method" name="__construct" visibility="public" complexity="1" crap="2" count="0"/>
      <line num="18" type="stmt" count="0"/>
      <line num="21" type="method" name="execute" visibility="public" complexity="1" crap="2" count="0"/>
      <line num="23" type="stmt" count="0"/>
      <line num="24" type="stmt" count="0"/>
      <line num="25" type="stmt" count="0"/>
      <line num="26" type="stmt" count="0"/>
      <line num="27" type="stmt" count="0"/>
      <line num="28" type="stmt" count="0"/>
      <line num="29" type="stmt" count="0"/>
      <line num="30" type="stmt" count="0"/>
      <line num="31" type="stmt" count="0"/>
      <metrics loc="34" ncloc="34" classes="1" methods="2" coveredmethods="0" conditionals="0" coveredconditionals="0" statements="10" coveredstatements="0" elements="12" coveredelements="0"/>
    </file>
    <file name="/var/www/app/UseCases/User/UserGetAllUseCase.php">
      <class name="App\UseCases\User\UserGetAllUseCase" namespace="global">
        <metrics complexity="2" methods="2" coveredmethods="0" conditionals="0" coveredconditionals="0" statements="2" coveredstatements="0" elements="4" coveredelements="0"/>
      </class>
      <line num="13" type="method" name="__construct" visibility="public" complexity="1" crap="2" count="0"/>
      <line num="15" type="stmt" count="0"/>
      <line num="18" type="method" name="execute" visibility="public" complexity="1" crap="2" count="0"/>
      <line num="20" type="stmt" count="0"/>
      <metrics loc="23" ncloc="23" classes="1" methods="2" coveredmethods="0" conditionals="0" coveredconditionals="0" statements="2" coveredstatements="0" elements="4" coveredelements="0"/>
    </file>
    <file name="/var/www/app/UseCases/User/UserUpdateUseCase.php">
      <class name="App\UseCases\User\UserUpdateUseCase" namespace="global">
        <metrics complexity="2" methods="2" coveredmethods="0" conditionals="0" coveredconditionals="0" statements="17" coveredstatements="0" elements="19" coveredelements="0"/>
      </class>
      <line num="18" type="method" name="__construct" visibility="public" complexity="1" crap="2" count="0"/>
      <line num="20" type="stmt" count="0"/>
      <line num="23" type="method" name="execute" visibility="public" complexity="1" crap="2" count="0"/>
      <line num="25" type="stmt" count="0"/>
      <line num="26" type="stmt" count="0"/>
      <line num="27" type="stmt" count="0"/>
      <line num="28" type="stmt" count="0"/>
      <line num="29" type="stmt" count="0"/>
      <line num="30" type="stmt" count="0"/>
      <line num="32" type="stmt" count="0"/>
      <line num="33" type="stmt" count="0"/>
      <line num="35" type="stmt" count="0"/>
      <line num="36" type="stmt" count="0"/>
      <line num="37" type="stmt" count="0"/>
      <line num="38" type="stmt" count="0"/>
      <line num="39" type="stmt" count="0"/>
      <line num="40" type="stmt" count="0"/>
      <line num="41" type="stmt" count="0"/>
      <line num="42" type="stmt" count="0"/>
      <metrics loc="46" ncloc="46" classes="1" methods="2" coveredmethods="0" conditionals="0" coveredconditionals="0" statements="17" coveredstatements="0" elements="19" coveredelements="0"/>
    </file>
    <metrics files="93" loc="3778" ncloc="3504" classes="74" methods="236" coveredmethods="97" conditionals="0" coveredconditionals="0" statements="1003" coveredstatements="468" elements="1239" coveredelements="565"/>
  </project>
</coverage>
